\BOOKMARK [1][-]{section.1}{\376\377\000I\000n\000t\000r\000o\000d\000u\000c\000t\000i\000o\000n}{}% 1
\BOOKMARK [2][-]{subsection.1.1}{\376\377\000N\000o\000t\000e\000s}{section.1}% 2
\BOOKMARK [1][-]{section.2}{\376\377\000O\000v\000e\000r\000v\000i\000e\000w}{}% 3
\BOOKMARK [1][-]{section.3}{\376\377\000I\000m\000p\000l\000e\000m\000e\000n\000t\000a\000t\000i\000o\000n\000\040\000d\000e\000t\000a\000i\000l\000s}{}% 4
\BOOKMARK [2][-]{subsection.3.1}{\376\377\000F\000i\000l\000e\000L\000o\000a\000d\000e\000r}{section.3}% 5
\BOOKMARK [2][-]{subsection.3.2}{\376\377\000S\000c\000e\000n\000e\000C\000h\000a\000n\000g\000e\000D\000e\000t\000e\000c\000t}{section.3}% 6
\BOOKMARK [2][-]{subsection.3.3}{\376\377\000T\000e\000s\000t\000D\000a\000t\000a\000s\000e\000t\000E\000v\000a\000l}{section.3}% 7
\BOOKMARK [2][-]{subsection.3.4}{\376\377\000F\000i\000l\000m\000S\000t\000a\000t\000i\000s\000t\000i\000c\000s}{section.3}% 8
\BOOKMARK [2][-]{subsection.3.5}{\376\377\000M\000a\000i\000n\000\040\000v\000i\000d\000e\000o}{section.3}% 9
\BOOKMARK [1][-]{section.4}{\376\377\000E\000v\000a\000l\000u\000a\000t\000i\000o\000n}{}% 10
\BOOKMARK [2][-]{subsection.4.1}{\376\377\000Q\000u\000a\000n\000t\000i\000t\000a\000t\000i\000v\000e\000\040\000E\000v\000a\000l\000u\000a\000t\000i\000o\000n}{section.4}% 11
\BOOKMARK [3][-]{subsubsection.4.1.1}{\376\377\000C\000l\000o\000s\000e\000\040\000u\000p\000\040\000s\000h\000o\000t\000s}{subsection.4.1}% 12
\BOOKMARK [3][-]{subsubsection.4.1.2}{\376\377\000M\000e\000d\000i\000u\000m\000\040\000s\000h\000o\000t\000s}{subsection.4.1}% 13
\BOOKMARK [3][-]{subsubsection.4.1.3}{\376\377\000W\000i\000d\000e\000\040\000s\000h\000o\000t\000s}{subsection.4.1}% 14
\BOOKMARK [2][-]{subsection.4.2}{\376\377\000V\000i\000d\000e\000o\000\040\000E\000v\000a\000l\000u\000a\000t\000i\000o\000n}{section.4}% 15
\BOOKMARK [3][-]{subsubsection.4.2.1}{\376\377\000A\000c\000c\000u\000r\000a\000c\000y}{subsection.4.2}% 16
\BOOKMARK [3][-]{subsubsection.4.2.2}{\376\377\000O\000p\000t\000i\000m\000i\000z\000e\000r}{subsection.4.2}% 17
\BOOKMARK [1][-]{section.5}{\376\377\000D\000a\000t\000a\000s\000e\000t\000\040\000d\000e\000s\000c\000r\000i\000p\000t\000i\000o\000n}{}% 18
\BOOKMARK [1][-]{section.6}{\376\377\000R\000e\000s\000u\000l\000t\000s\000\040\000s\000u\000m\000m\000a\000r\000y}{}% 19
\BOOKMARK [1][-]{section.7}{\376\377\000I\000n\000d\000i\000v\000i\000d\000u\000a\000l\000\040\000c\000o\000n\000t\000r\000i\000b\000u\000t\000i\000o\000n\000s}{}% 20
\BOOKMARK [1][-]{section.8}{\376\377\000C\000o\000n\000c\000l\000u\000s\000i\000o\000n}{}% 21
