\BOOKMARK [0][-]{chapter.1}{\376\377\0001\000\040\330\074\337\254\000\040\000F\000i\000l\000m\000\040\000S\000h\000o\000t\000\040\000T\000y\000p\000e\000\040\000C\000l\000a\000s\000s\000i\000f\000i\000c\000a\000t\000i\000o\000n}{}% 1
\BOOKMARK [1][-]{section.1.1}{\376\377\0001\000.\0001\000\040\330\075\334\302\000\040\000T\000a\000s\000k\000s}{chapter.1}% 2
\BOOKMARK [2][-]{subsection.1.1.1}{\376\377\0001\000.\0001\000.\0001\000\040\000M\000i\000r\000o\000s\000l\000a\000w}{section.1.1}% 3
\BOOKMARK [2][-]{subsection.1.1.2}{\376\377\0001\000.\0001\000.\0002\000\040\000M\000a\000r\000e\000k}{section.1.1}% 4
\BOOKMARK [1][-]{section.1.2}{\376\377\0001\000.\0002\000\040\000N\000o\000t\000e\000s}{chapter.1}% 5
\BOOKMARK [1][-]{section.1.3}{\376\377\0001\000.\0003\000\040\330\075\334\304\000\040\000F\000i\000n\000a\000l\000\040\000P\000r\000o\000j\000e\000c\000t\000\040\000R\000e\000p\000o\000r\000t}{chapter.1}% 6
\BOOKMARK [2][-]{subsection.1.3.1}{\376\377\0001\000.\0003\000.\0001\000\040\0001\000.\000\040\000T\000i\000t\000l\000e\000\040\000P\000a\000g\000e\000\040\000-\000\040\000M\000a\000r\000e\000k}{section.1.3}% 7
\BOOKMARK [2][-]{subsection.1.3.2}{\376\377\0001\000.\0003\000.\0002\000\040\0002\000.\000\040\000I\000n\000t\000r\000o\000d\000u\000c\000t\000i\000o\000n\000\040\000-\000\040\000M\000i\000r\000o\000s\000l\000a\000w}{section.1.3}% 8
\BOOKMARK [2][-]{subsection.1.3.3}{\376\377\0001\000.\0003\000.\0003\000\040\0003\000.\000\040\000S\000y\000s\000t\000e\000m\000\040\000O\000v\000e\000r\000v\000i\000e\000w\000\040\000-\000\040\000M\000a\000r\000e\000k}{section.1.3}% 9
\BOOKMARK [2][-]{subsection.1.3.4}{\376\377\0001\000.\0003\000.\0004\000\040\0004\000.\000\040\000I\000m\000p\000l\000e\000m\000e\000n\000t\000a\000t\000i\000o\000n\000\040\000D\000e\000t\000a\000i\000l\000s\000\040\000-\000\040\000E\000v\000e\000r\000y\000o\000n\000e\000\040\000d\000e\000s\000c\000r\000i\000b\000e\000s\000\040\000h\000i\000s\000\040\000p\000a\000r\000t}{section.1.3}% 10
\BOOKMARK [2][-]{subsection.1.3.5}{\376\377\0001\000.\0003\000.\0005\000\040\0005\000.\000\040\000E\000v\000a\000l\000u\000a\000t\000i\000o\000n\000\040\000-\000\040\000M\000a\000r\000e\000k}{section.1.3}% 11
\BOOKMARK [3][-]{subsubsection.1.3.5.1}{\376\377\0001\000.\0003\000.\0005\000.\0001\000\040\000Q\000u\000a\000n\000t\000i\000t\000a\000t\000i\000v\000e\000\040\000E\000v\000a\000l\000u\000a\000t\000i\000o\000n}{subsection.1.3.5}% 12
\BOOKMARK [3][-]{subsubsection.1.3.5.2}{\376\377\0001\000.\0003\000.\0005\000.\0002\000\040\000Q\000u\000a\000l\000i\000t\000a\000t\000i\000v\000e\000\040\000E\000v\000a\000l\000u\000a\000t\000i\000o\000n}{subsection.1.3.5}% 13
\BOOKMARK [2][-]{subsection.1.3.6}{\376\377\0001\000.\0003\000.\0006\000\040\0006\000.\000\040\000D\000a\000t\000a\000s\000e\000t\000\040\000D\000e\000s\000c\000r\000i\000p\000t\000i\000o\000n\000\040\000-\000\040\000M\000i\000r\000o\000s\000l\000a\000w}{section.1.3}% 14
\BOOKMARK [2][-]{subsection.1.3.7}{\376\377\0001\000.\0003\000.\0007\000\040\0007\000.\000\040\000R\000e\000s\000u\000l\000t\000s\000\040\000S\000u\000m\000m\000a\000r\000y\000\040\000-\000\040\000M\000i\000r\000o\000s\000l\000a\000w}{section.1.3}% 15
\BOOKMARK [2][-]{subsection.1.3.8}{\376\377\0001\000.\0003\000.\0008\000\040\0008\000.\000\040\000I\000n\000d\000i\000v\000i\000d\000u\000a\000l\000\040\000C\000o\000n\000t\000r\000i\000b\000u\000t\000i\000o\000n\000s}{section.1.3}% 16
\BOOKMARK [2][-]{subsection.1.3.9}{\376\377\0001\000.\0003\000.\0009\000\040\0009\000.\000\040\000C\000o\000n\000c\000l\000u\000s\000i\000o\000n\000\040\000-\000\040\000M\000a\000r\000e\000k}{section.1.3}% 17
\BOOKMARK [2][-]{subsection.1.3.10}{\376\377\0001\000.\0003\000.\0001\0000\000\040\0001\0000\000.\000\040\000R\000e\000f\000e\000r\000e\000n\000c\000e\000s}{section.1.3}% 18
\BOOKMARK [0][-]{chapter.2}{\376\377\0002\000\040\000H\000i\000e\000r\000a\000r\000c\000h\000i\000c\000a\000l\000\040\000I\000n\000d\000e\000x}{}% 19
\BOOKMARK [1][-]{section.2.1}{\376\377\0002\000.\0001\000\040\000C\000l\000a\000s\000s\000\040\000H\000i\000e\000r\000a\000r\000c\000h\000y}{chapter.2}% 20
\BOOKMARK [0][-]{chapter.3}{\376\377\0003\000\040\000C\000l\000a\000s\000s\000\040\000I\000n\000d\000e\000x}{}% 21
\BOOKMARK [1][-]{section.3.1}{\376\377\0003\000.\0001\000\040\000C\000l\000a\000s\000s\000\040\000L\000i\000s\000t}{chapter.3}% 22
\BOOKMARK [0][-]{chapter.4}{\376\377\0004\000\040\000F\000i\000l\000e\000\040\000I\000n\000d\000e\000x}{}% 23
\BOOKMARK [1][-]{section.4.1}{\376\377\0004\000.\0001\000\040\000F\000i\000l\000e\000\040\000L\000i\000s\000t}{chapter.4}% 24
\BOOKMARK [0][-]{chapter.5}{\376\377\0005\000\040\000C\000l\000a\000s\000s\000\040\000D\000o\000c\000u\000m\000e\000n\000t\000a\000t\000i\000o\000n}{}% 25
\BOOKMARK [1][-]{section.5.1}{\376\377\0005\000.\0001\000\040\000C\000l\000a\000s\000s\000i\000f\000i\000c\000a\000t\000i\000o\000n\000R\000e\000s\000u\000l\000t\000\040\000S\000t\000r\000u\000c\000t\000\040\000R\000e\000f\000e\000r\000e\000n\000c\000e}{chapter.5}% 26
\BOOKMARK [2][-]{subsection.5.1.1}{\376\377\0005\000.\0001\000.\0001\000\040\000D\000e\000t\000a\000i\000l\000e\000d\000\040\000D\000e\000s\000c\000r\000i\000p\000t\000i\000o\000n}{section.5.1}% 27
\BOOKMARK [1][-]{section.5.2}{\376\377\0005\000.\0002\000\040\000D\000e\000t\000e\000c\000t\000e\000d\000F\000e\000a\000t\000u\000r\000e\000\040\000S\000t\000r\000u\000c\000t\000\040\000R\000e\000f\000e\000r\000e\000n\000c\000e}{chapter.5}% 28
\BOOKMARK [2][-]{subsection.5.2.1}{\376\377\0005\000.\0002\000.\0001\000\040\000D\000e\000t\000a\000i\000l\000e\000d\000\040\000D\000e\000s\000c\000r\000i\000p\000t\000i\000o\000n}{section.5.2}% 29
\BOOKMARK [1][-]{section.5.3}{\376\377\0005\000.\0003\000\040\000F\000i\000l\000m\000S\000t\000a\000t\000i\000s\000t\000i\000c\000s\000\040\000C\000l\000a\000s\000s\000\040\000R\000e\000f\000e\000r\000e\000n\000c\000e}{chapter.5}% 30
\BOOKMARK [2][-]{subsection.5.3.1}{\376\377\0005\000.\0003\000.\0001\000\040\000D\000e\000t\000a\000i\000l\000e\000d\000\040\000D\000e\000s\000c\000r\000i\000p\000t\000i\000o\000n}{section.5.3}% 31
\BOOKMARK [2][-]{subsection.5.3.2}{\376\377\0005\000.\0003\000.\0002\000\040\000M\000e\000m\000b\000e\000r\000\040\000F\000u\000n\000c\000t\000i\000o\000n\000\040\000D\000o\000c\000u\000m\000e\000n\000t\000a\000t\000i\000o\000n}{section.5.3}% 32
\BOOKMARK [3][-]{subsubsection.5.3.2.1}{\376\377\0005\000.\0003\000.\0002\000.\0001\000\040\000a\000d\000d\000C\000o\000n\000f\000i\000g\000u\000r\000a\000t\000i\000o\000n\000S\000t\000r\000u\000c\000t\000\050\000\051}{subsection.5.3.2}% 33
\BOOKMARK [3][-]{subsubsection.5.3.2.2}{\376\377\0005\000.\0003\000.\0002\000.\0002\000\040\000a\000d\000d\000F\000r\000a\000m\000e\000R\000e\000s\000u\000l\000t\000\050\000\051}{subsection.5.3.2}% 34
\BOOKMARK [3][-]{subsubsection.5.3.2.3}{\376\377\0005\000.\0003\000.\0002\000.\0003\000\040\000a\000g\000g\000r\000e\000g\000a\000t\000e\000S\000l\000i\000d\000i\000n\000g\000W\000i\000n\000d\000o\000w\000P\000r\000o\000b\000s\000\050\000\051}{subsection.5.3.2}% 35
\BOOKMARK [3][-]{subsubsection.5.3.2.4}{\376\377\0005\000.\0003\000.\0002\000.\0004\000\040\000a\000p\000p\000e\000n\000d\000C\000u\000t\000D\000e\000t\000e\000c\000t\000i\000o\000n\000T\000o\000T\000i\000m\000e\000l\000i\000n\000e\000\050\000\051}{subsection.5.3.2}% 36
\BOOKMARK [3][-]{subsubsection.5.3.2.5}{\376\377\0005\000.\0003\000.\0002\000.\0005\000\040\000a\000p\000p\000e\000n\000d\000E\000n\000t\000r\000o\000p\000y\000T\000o\000T\000i\000m\000e\000l\000i\000n\000e\000\050\000\051}{subsection.5.3.2}% 37
\BOOKMARK [3][-]{subsubsection.5.3.2.6}{\376\377\0005\000.\0003\000.\0002\000.\0006\000\040\000a\000p\000p\000e\000n\000d\000E\000n\000t\000r\000o\000p\000y\000V\000a\000r\000i\000a\000n\000c\000e\000T\000o\000T\000i\000m\000e\000l\000i\000n\000e\000\050\000\051}{subsection.5.3.2}% 38
\BOOKMARK [3][-]{subsubsection.5.3.2.7}{\376\377\0005\000.\0003\000.\0002\000.\0007\000\040\000a\000p\000p\000e\000n\000d\000S\000a\000m\000p\000l\000e\000T\000o\000T\000i\000m\000e\000l\000i\000n\000e\000\050\000\051\000\040\000[\0001\000/\0002\000]}{subsection.5.3.2}% 39
\BOOKMARK [3][-]{subsubsection.5.3.2.8}{\376\377\0005\000.\0003\000.\0002\000.\0008\000\040\000a\000p\000p\000e\000n\000d\000S\000a\000m\000p\000l\000e\000T\000o\000T\000i\000m\000e\000l\000i\000n\000e\000\050\000\051\000\040\000[\0002\000/\0002\000]}{subsection.5.3.2}% 40
\BOOKMARK [3][-]{subsubsection.5.3.2.9}{\376\377\0005\000.\0003\000.\0002\000.\0009\000\040\000e\000x\000p\000o\000r\000t\000T\000o\000C\000S\000V\000\050\000\051}{subsection.5.3.2}% 41
\BOOKMARK [3][-]{subsubsection.5.3.2.10}{\376\377\0005\000.\0003\000.\0002\000.\0001\0000\000\040\000f\000i\000n\000d\000S\000h\000o\000t\000T\000y\000p\000e\000M\000a\000x\000P\000r\000o\000b\000\050\000\051}{subsection.5.3.2}% 42
\BOOKMARK [3][-]{subsubsection.5.3.2.11}{\376\377\0005\000.\0003\000.\0002\000.\0001\0001\000\040\000n\000o\000r\000m\000a\000l\000i\000z\000e\000P\000r\000o\000b\000s\000\050\000\051}{subsection.5.3.2}% 43
\BOOKMARK [1][-]{section.5.4}{\376\377\0005\000.\0004\000\040\000F\000i\000l\000m\000S\000t\000a\000t\000i\000s\000t\000i\000c\000s\000E\000v\000a\000l\000C\000o\000n\000f\000i\000g\000\040\000S\000t\000r\000u\000c\000t\000\040\000R\000e\000f\000e\000r\000e\000n\000c\000e}{chapter.5}% 44
\BOOKMARK [2][-]{subsection.5.4.1}{\376\377\0005\000.\0004\000.\0001\000\040\000D\000e\000t\000a\000i\000l\000e\000d\000\040\000D\000e\000s\000c\000r\000i\000p\000t\000i\000o\000n}{section.5.4}% 45
\BOOKMARK [1][-]{section.5.5}{\376\377\0005\000.\0005\000\040\000H\000a\000a\000r\000D\000e\000t\000e\000c\000t\000o\000r\000\040\000C\000l\000a\000s\000s\000\040\000R\000e\000f\000e\000r\000e\000n\000c\000e}{chapter.5}% 46
\BOOKMARK [2][-]{subsection.5.5.1}{\376\377\0005\000.\0005\000.\0001\000\040\000D\000e\000t\000a\000i\000l\000e\000d\000\040\000D\000e\000s\000c\000r\000i\000p\000t\000i\000o\000n}{section.5.5}% 47
\BOOKMARK [2][-]{subsection.5.5.2}{\376\377\0005\000.\0005\000.\0002\000\040\000C\000o\000n\000s\000t\000r\000u\000c\000t\000o\000r\000\040\000\046\000\040\000D\000e\000s\000t\000r\000u\000c\000t\000o\000r\000\040\000D\000o\000c\000u\000m\000e\000n\000t\000a\000t\000i\000o\000n}{section.5.5}% 48
\BOOKMARK [3][-]{subsubsection.5.5.2.1}{\376\377\0005\000.\0005\000.\0002\000.\0001\000\040\000H\000a\000a\000r\000D\000e\000t\000e\000c\000t\000o\000r\000\050\000\051}{subsection.5.5.2}% 49
\BOOKMARK [2][-]{subsection.5.5.3}{\376\377\0005\000.\0005\000.\0003\000\040\000M\000e\000m\000b\000e\000r\000\040\000F\000u\000n\000c\000t\000i\000o\000n\000\040\000D\000o\000c\000u\000m\000e\000n\000t\000a\000t\000i\000o\000n}{section.5.5}% 50
\BOOKMARK [3][-]{subsubsection.5.5.3.1}{\376\377\0005\000.\0005\000.\0003\000.\0001\000\040\000d\000e\000t\000e\000c\000t\000\050\000\051}{subsection.5.5.3}% 51
\BOOKMARK [3][-]{subsubsection.5.5.3.2}{\376\377\0005\000.\0005\000.\0003\000.\0002\000\040\000l\000o\000a\000d\000M\000o\000d\000e\000l\000\050\000\051}{subsection.5.5.3}% 52
\BOOKMARK [1][-]{section.5.6}{\376\377\0005\000.\0006\000\040\000I\000m\000a\000g\000e\000L\000o\000a\000d\000e\000r\000\040\000C\000l\000a\000s\000s\000\040\000R\000e\000f\000e\000r\000e\000n\000c\000e}{chapter.5}% 53
\BOOKMARK [2][-]{subsection.5.6.1}{\376\377\0005\000.\0006\000.\0001\000\040\000D\000e\000t\000a\000i\000l\000e\000d\000\040\000D\000e\000s\000c\000r\000i\000p\000t\000i\000o\000n}{section.5.6}% 54
\BOOKMARK [2][-]{subsection.5.6.2}{\376\377\0005\000.\0006\000.\0002\000\040\000M\000e\000m\000b\000e\000r\000\040\000F\000u\000n\000c\000t\000i\000o\000n\000\040\000D\000o\000c\000u\000m\000e\000n\000t\000a\000t\000i\000o\000n}{section.5.6}% 55
\BOOKMARK [3][-]{subsubsection.5.6.2.1}{\376\377\0005\000.\0006\000.\0002\000.\0001\000\040\000g\000e\000t\000C\000u\000r\000r\000e\000n\000t\000T\000i\000m\000e\000s\000t\000a\000m\000p\000\050\000\051}{subsection.5.6.2}% 56
\BOOKMARK [3][-]{subsubsection.5.6.2.2}{\376\377\0005\000.\0006\000.\0002\000.\0002\000\040\000h\000a\000s\000N\000e\000x\000t\000F\000r\000a\000m\000e\000\050\000\051}{subsection.5.6.2}% 57
\BOOKMARK [3][-]{subsubsection.5.6.2.3}{\376\377\0005\000.\0006\000.\0002\000.\0003\000\040\000I\000n\000p\000u\000t\000S\000o\000u\000r\000c\000e\000\050\000\051}{subsection.5.6.2}% 58
\BOOKMARK [3][-]{subsubsection.5.6.2.4}{\376\377\0005\000.\0006\000.\0002\000.\0004\000\040\000n\000e\000x\000t\000F\000r\000a\000m\000e\000\050\000\051}{subsection.5.6.2}% 59
\BOOKMARK [1][-]{section.5.7}{\376\377\0005\000.\0007\000\040\000I\000n\000p\000u\000t\000S\000o\000u\000r\000c\000e\000\040\000C\000l\000a\000s\000s\000\040\000R\000e\000f\000e\000r\000e\000n\000c\000e}{chapter.5}% 60
\BOOKMARK [2][-]{subsection.5.7.1}{\376\377\0005\000.\0007\000.\0001\000\040\000D\000e\000t\000a\000i\000l\000e\000d\000\040\000D\000e\000s\000c\000r\000i\000p\000t\000i\000o\000n}{section.5.7}% 61
\BOOKMARK [2][-]{subsection.5.7.2}{\376\377\0005\000.\0007\000.\0002\000\040\000C\000o\000n\000s\000t\000r\000u\000c\000t\000o\000r\000\040\000\046\000\040\000D\000e\000s\000t\000r\000u\000c\000t\000o\000r\000\040\000D\000o\000c\000u\000m\000e\000n\000t\000a\000t\000i\000o\000n}{section.5.7}% 62
\BOOKMARK [3][-]{subsubsection.5.7.2.1}{\376\377\0005\000.\0007\000.\0002\000.\0001\000\040\000I\000n\000p\000u\000t\000S\000o\000u\000r\000c\000e\000\050\000\051}{subsection.5.7.2}% 63
\BOOKMARK [2][-]{subsection.5.7.3}{\376\377\0005\000.\0007\000.\0003\000\040\000M\000e\000m\000b\000e\000r\000\040\000F\000u\000n\000c\000t\000i\000o\000n\000\040\000D\000o\000c\000u\000m\000e\000n\000t\000a\000t\000i\000o\000n}{section.5.7}% 64
\BOOKMARK [3][-]{subsubsection.5.7.3.1}{\376\377\0005\000.\0007\000.\0003\000.\0001\000\040\000g\000e\000t\000C\000u\000r\000r\000e\000n\000t\000T\000i\000m\000e\000s\000t\000a\000m\000p\000\050\000\051}{subsection.5.7.3}% 65
\BOOKMARK [3][-]{subsubsection.5.7.3.2}{\376\377\0005\000.\0007\000.\0003\000.\0002\000\040\000h\000a\000s\000N\000e\000x\000t\000F\000r\000a\000m\000e\000\050\000\051}{subsection.5.7.3}% 66
\BOOKMARK [3][-]{subsubsection.5.7.3.3}{\376\377\0005\000.\0007\000.\0003\000.\0003\000\040\000n\000e\000x\000t\000F\000r\000a\000m\000e\000\050\000\051}{subsection.5.7.3}% 67
\BOOKMARK [1][-]{section.5.8}{\376\377\0005\000.\0008\000\040\000o\000p\000e\000n\000C\000V\000\137\000l\000i\000b\000\040\000C\000l\000a\000s\000s\000\040\000R\000e\000f\000e\000r\000e\000n\000c\000e}{chapter.5}% 68
\BOOKMARK [1][-]{section.5.9}{\376\377\0005\000.\0009\000\040\000o\000p\000e\000n\000C\000V\000\137\000l\000i\000b\000P\000r\000i\000v\000\040\000C\000l\000a\000s\000s\000\040\000R\000e\000f\000e\000r\000e\000n\000c\000e}{chapter.5}% 69
\BOOKMARK [1][-]{section.5.10}{\376\377\0005\000.\0001\0000\000\040\000P\000r\000e\000p\000r\000o\000c\000e\000s\000s\000i\000n\000g\000\040\000C\000l\000a\000s\000s\000\040\000R\000e\000f\000e\000r\000e\000n\000c\000e}{chapter.5}% 70
\BOOKMARK [2][-]{subsection.5.10.1}{\376\377\0005\000.\0001\0000\000.\0001\000\040\000D\000e\000t\000a\000i\000l\000e\000d\000\040\000D\000e\000s\000c\000r\000i\000p\000t\000i\000o\000n}{section.5.10}% 71
\BOOKMARK [2][-]{subsection.5.10.2}{\376\377\0005\000.\0001\0000\000.\0002\000\040\000C\000o\000n\000s\000t\000r\000u\000c\000t\000o\000r\000\040\000\046\000\040\000D\000e\000s\000t\000r\000u\000c\000t\000o\000r\000\040\000D\000o\000c\000u\000m\000e\000n\000t\000a\000t\000i\000o\000n}{section.5.10}% 72
\BOOKMARK [3][-]{subsubsection.5.10.2.1}{\376\377\0005\000.\0001\0000\000.\0002\000.\0001\000\040\000P\000r\000e\000p\000r\000o\000c\000e\000s\000s\000i\000n\000g\000\050\000\051}{subsection.5.10.2}% 73
\BOOKMARK [2][-]{subsection.5.10.3}{\376\377\0005\000.\0001\0000\000.\0003\000\040\000M\000e\000m\000b\000e\000r\000\040\000F\000u\000n\000c\000t\000i\000o\000n\000\040\000D\000o\000c\000u\000m\000e\000n\000t\000a\000t\000i\000o\000n}{section.5.10}% 74
\BOOKMARK [3][-]{subsubsection.5.10.3.1}{\376\377\0005\000.\0001\0000\000.\0003\000.\0001\000\040\000G\000e\000t\000P\000r\000o\000c\000e\000s\000s\000e\000d\000I\000m\000a\000g\000e\000\050\000\051}{subsection.5.10.3}% 75
\BOOKMARK [3][-]{subsubsection.5.10.3.2}{\376\377\0005\000.\0001\0000\000.\0003\000.\0002\000\040\000L\000o\000a\000d\000F\000r\000a\000m\000e\000\050\000\051}{subsection.5.10.3}% 76
\BOOKMARK [3][-]{subsubsection.5.10.3.3}{\376\377\0005\000.\0001\0000\000.\0003\000.\0003\000\040\000r\000e\000s\000i\000z\000e\000I\000m\000a\000g\000e\000\050\000\051}{subsection.5.10.3}% 77
\BOOKMARK [1][-]{section.5.11}{\376\377\0005\000.\0001\0001\000\040\000R\000e\000s\000u\000l\000t\000D\000i\000s\000p\000l\000a\000y\000e\000r\000\040\000C\000l\000a\000s\000s\000\040\000R\000e\000f\000e\000r\000e\000n\000c\000e}{chapter.5}% 78
\BOOKMARK [2][-]{subsection.5.11.1}{\376\377\0005\000.\0001\0001\000.\0001\000\040\000D\000e\000t\000a\000i\000l\000e\000d\000\040\000D\000e\000s\000c\000r\000i\000p\000t\000i\000o\000n}{section.5.11}% 79
\BOOKMARK [2][-]{subsection.5.11.2}{\376\377\0005\000.\0001\0001\000.\0002\000\040\000C\000o\000n\000s\000t\000r\000u\000c\000t\000o\000r\000\040\000\046\000\040\000D\000e\000s\000t\000r\000u\000c\000t\000o\000r\000\040\000D\000o\000c\000u\000m\000e\000n\000t\000a\000t\000i\000o\000n}{section.5.11}% 80
\BOOKMARK [3][-]{subsubsection.5.11.2.1}{\376\377\0005\000.\0001\0001\000.\0002\000.\0001\000\040\000R\000e\000s\000u\000l\000t\000D\000i\000s\000p\000l\000a\000y\000e\000r\000\050\000\051}{subsection.5.11.2}% 81
\BOOKMARK [1][-]{section.5.12}{\376\377\0005\000.\0001\0002\000\040\000S\000h\000o\000t\000C\000l\000a\000s\000s\000i\000f\000i\000e\000r\000\040\000C\000l\000a\000s\000s\000\040\000R\000e\000f\000e\000r\000e\000n\000c\000e}{chapter.5}% 82
\BOOKMARK [1][-]{section.5.13}{\376\377\0005\000.\0001\0003\000\040\000S\000h\000o\000t\000E\000v\000a\000l\000u\000a\000t\000o\000r\000\040\000C\000l\000a\000s\000s\000\040\000R\000e\000f\000e\000r\000e\000n\000c\000e}{chapter.5}% 83
\BOOKMARK [1][-]{section.5.14}{\376\377\0005\000.\0001\0004\000\040\000S\000h\000o\000t\000F\000e\000a\000t\000u\000r\000e\000s\000\040\000S\000t\000r\000u\000c\000t\000\040\000R\000e\000f\000e\000r\000e\000n\000c\000e}{chapter.5}% 84
\BOOKMARK [2][-]{subsection.5.14.1}{\376\377\0005\000.\0001\0004\000.\0001\000\040\000D\000e\000t\000a\000i\000l\000e\000d\000\040\000D\000e\000s\000c\000r\000i\000p\000t\000i\000o\000n}{section.5.14}% 85
\BOOKMARK [1][-]{section.5.15}{\376\377\0005\000.\0001\0005\000\040\000T\000e\000s\000t\000D\000a\000t\000a\000s\000e\000t\000E\000v\000a\000l\000\040\000C\000l\000a\000s\000s\000\040\000R\000e\000f\000e\000r\000e\000n\000c\000e}{chapter.5}% 86
\BOOKMARK [2][-]{subsection.5.15.1}{\376\377\0005\000.\0001\0005\000.\0001\000\040\000D\000e\000t\000a\000i\000l\000e\000d\000\040\000D\000e\000s\000c\000r\000i\000p\000t\000i\000o\000n}{section.5.15}% 87
\BOOKMARK [2][-]{subsection.5.15.2}{\376\377\0005\000.\0001\0005\000.\0002\000\040\000M\000e\000m\000b\000e\000r\000\040\000F\000u\000n\000c\000t\000i\000o\000n\000\040\000D\000o\000c\000u\000m\000e\000n\000t\000a\000t\000i\000o\000n}{section.5.15}% 88
\BOOKMARK [3][-]{subsubsection.5.15.2.1}{\376\377\0005\000.\0001\0005\000.\0002\000.\0001\000\040\000c\000h\000e\000c\000k\000\050\000\051}{subsection.5.15.2}% 89
\BOOKMARK [3][-]{subsubsection.5.15.2.2}{\376\377\0005\000.\0001\0005\000.\0002\000.\0002\000\040\000G\000e\000t\000E\000v\000a\000l\000R\000e\000s\000u\000l\000t\000\050\000\051}{subsection.5.15.2}% 90
\BOOKMARK [1][-]{section.5.16}{\376\377\0005\000.\0001\0006\000\040\000V\000i\000d\000e\000o\000L\000o\000a\000d\000e\000r\000\040\000C\000l\000a\000s\000s\000\040\000R\000e\000f\000e\000r\000e\000n\000c\000e}{chapter.5}% 91
\BOOKMARK [2][-]{subsection.5.16.1}{\376\377\0005\000.\0001\0006\000.\0001\000\040\000D\000e\000t\000a\000i\000l\000e\000d\000\040\000D\000e\000s\000c\000r\000i\000p\000t\000i\000o\000n}{section.5.16}% 92
\BOOKMARK [2][-]{subsection.5.16.2}{\376\377\0005\000.\0001\0006\000.\0002\000\040\000M\000e\000m\000b\000e\000r\000\040\000F\000u\000n\000c\000t\000i\000o\000n\000\040\000D\000o\000c\000u\000m\000e\000n\000t\000a\000t\000i\000o\000n}{section.5.16}% 93
\BOOKMARK [3][-]{subsubsection.5.16.2.1}{\376\377\0005\000.\0001\0006\000.\0002\000.\0001\000\040\000g\000e\000t\000C\000u\000r\000r\000e\000n\000t\000T\000i\000m\000e\000s\000t\000a\000m\000p\000\050\000\051}{subsection.5.16.2}% 94
\BOOKMARK [3][-]{subsubsection.5.16.2.2}{\376\377\0005\000.\0001\0006\000.\0002\000.\0002\000\040\000h\000a\000s\000N\000e\000x\000t\000F\000r\000a\000m\000e\000\050\000\051}{subsection.5.16.2}% 95
\BOOKMARK [3][-]{subsubsection.5.16.2.3}{\376\377\0005\000.\0001\0006\000.\0002\000.\0003\000\040\000I\000n\000p\000u\000t\000S\000o\000u\000r\000c\000e\000\050\000\051}{subsection.5.16.2}% 96
\BOOKMARK [3][-]{subsubsection.5.16.2.4}{\376\377\0005\000.\0001\0006\000.\0002\000.\0004\000\040\000n\000e\000x\000t\000F\000r\000a\000m\000e\000\050\000\051}{subsection.5.16.2}% 97
\BOOKMARK [0][-]{chapter.6}{\376\377\0006\000\040\000F\000i\000l\000e\000\040\000D\000o\000c\000u\000m\000e\000n\000t\000a\000t\000i\000o\000n}{}% 98
\BOOKMARK [1][-]{section.6.1}{\376\377\0006\000.\0001\000\040\000F\000i\000l\000e\000L\000o\000a\000d\000e\000r\000.\000h\000p\000p}{chapter.6}% 99
\BOOKMARK [1][-]{section.6.2}{\376\377\0006\000.\0002\000\040\000F\000i\000l\000m\000S\000t\000a\000t\000i\000s\000t\000i\000c\000E\000v\000a\000l\000.\000h\000p\000p}{chapter.6}% 100
\BOOKMARK [1][-]{section.6.3}{\376\377\0006\000.\0003\000\040\000H\000a\000a\000r\000D\000e\000t\000e\000c\000t\000o\000r\000.\000h\000p\000p}{chapter.6}% 101
\BOOKMARK [1][-]{section.6.4}{\376\377\0006\000.\0004\000\040\000R\000e\000s\000u\000l\000t\000D\000i\000s\000p\000l\000a\000y\000e\000r\000.\000h\000p\000p}{chapter.6}% 102
\BOOKMARK [1][-]{section.6.5}{\376\377\0006\000.\0005\000\040\000S\000c\000e\000n\000e\000C\000h\000a\000n\000g\000e\000D\000e\000t\000e\000c\000t\000.\000h\000p\000p}{chapter.6}% 103
\BOOKMARK [1][-]{section.6.6}{\376\377\0006\000.\0006\000\040\000S\000h\000o\000t\000C\000l\000a\000s\000s\000i\000f\000i\000e\000r\000.\000h\000p\000p}{chapter.6}% 104
\BOOKMARK [1][-]{section.6.7}{\376\377\0006\000.\0007\000\040\000S\000h\000o\000t\000E\000v\000a\000l\000u\000a\000t\000o\000r\000.\000h\000p\000p}{chapter.6}% 105
\BOOKMARK [1][-]{section.6.8}{\376\377\0006\000.\0008\000\040\000T\000e\000s\000t\000D\000a\000t\000a\000s\000e\000t\000E\000v\000a\000l\000.\000h\000p\000p}{chapter.6}% 106
\BOOKMARK [1][-]{section.6.9}{\376\377\0006\000.\0009\000\040\000U\000s\000e\000r\000S\000t\000r\000u\000c\000t\000s\000.\000h\000p\000p}{chapter.6}% 107
\BOOKMARK [1][-]{section.6.10}{\376\377\0006\000.\0001\0000\000\040\000o\000p\000e\000n\000C\000V\000\137\000l\000i\000b\000.\000h\000p\000p}{chapter.6}% 108
\BOOKMARK [1][-]{section.6.11}{\376\377\0006\000.\0001\0001\000\040\000o\000p\000e\000n\000C\000V\000\137\000l\000i\000b\000P\000r\000i\000v\000.\000h\000p\000p}{chapter.6}% 109
